The target system is: Linux -  - i486
The host system is: Linux - 3.13.0-43-generic - x86_64
Determining if files pthread.h exist passed with the following output:
Change Dir: /home/mirko/nao/workspace/TextRecognition/build-atom/CMakeFiles/CMakeTmp

Run Build Command:/usr/bin/make "cmTryCompileExec2403171355/fast"
/usr/bin/make -f CMakeFiles/cmTryCompileExec2403171355.dir/build.make CMakeFiles/cmTryCompileExec2403171355.dir/build
make[1]: Entering directory `/home/mirko/nao/workspace/TextRecognition/build-atom/CMakeFiles/CMakeTmp'
/usr/bin/cmake -E cmake_progress_report /home/mirko/nao/workspace/TextRecognition/build-atom/CMakeFiles/CMakeTmp/CMakeFiles 1
Building C object CMakeFiles/cmTryCompileExec2403171355.dir/CheckIncludeFiles.c.o
/home/mirko/nao/devtools/linux64-nao-atom-cross-toolchain-1.14.5/cross/bin/i686-aldebaran-linux-gnu-gcc   --sysroot /home/mirko/nao/devtools/linux64-nao-atom-cross-toolchain-1.14.5//sysroot/ -pipe -fomit-frame-pointer -fno-align-jumps -fno-align-functions -fno-align-labels -fno-align-loops -m32 -mtune=generic -DOE_CROSS_BUILD    -o CMakeFiles/cmTryCompileExec2403171355.dir/CheckIncludeFiles.c.o   -c /home/mirko/nao/workspace/TextRecognition/build-atom/CMakeFiles/CMakeTmp/CheckIncludeFiles.c
Linking C executable cmTryCompileExec2403171355
/usr/bin/cmake -E cmake_link_script CMakeFiles/cmTryCompileExec2403171355.dir/link.txt --verbose=1
/home/mirko/nao/devtools/linux64-nao-atom-cross-toolchain-1.14.5/cross/bin/i686-aldebaran-linux-gnu-gcc   --sysroot /home/mirko/nao/devtools/linux64-nao-atom-cross-toolchain-1.14.5//sysroot/ -pipe -fomit-frame-pointer -fno-align-jumps -fno-align-functions -fno-align-labels -fno-align-loops -m32 -mtune=generic -DOE_CROSS_BUILD   -Wl,--sysroot,/home/mirko/nao/devtools/linux64-nao-atom-cross-toolchain-1.14.5//sysroot/ CMakeFiles/cmTryCompileExec2403171355.dir/CheckIncludeFiles.c.o  -o cmTryCompileExec2403171355 -rdynamic 
make[1]: Leaving directory `/home/mirko/nao/workspace/TextRecognition/build-atom/CMakeFiles/CMakeTmp'


Determining if the function pthread_create exists in the pthread passed with the following output:
Change Dir: /home/mirko/nao/workspace/TextRecognition/build-atom/CMakeFiles/CMakeTmp

Run Build Command:/usr/bin/make "cmTryCompileExec2525664980/fast"
/usr/bin/make -f CMakeFiles/cmTryCompileExec2525664980.dir/build.make CMakeFiles/cmTryCompileExec2525664980.dir/build
make[1]: Entering directory `/home/mirko/nao/workspace/TextRecognition/build-atom/CMakeFiles/CMakeTmp'
/usr/bin/cmake -E cmake_progress_report /home/mirko/nao/workspace/TextRecognition/build-atom/CMakeFiles/CMakeTmp/CMakeFiles 1
Building C object CMakeFiles/cmTryCompileExec2525664980.dir/CheckFunctionExists.c.o
/home/mirko/nao/devtools/linux64-nao-atom-cross-toolchain-1.14.5/cross/bin/i686-aldebaran-linux-gnu-gcc   --sysroot /home/mirko/nao/devtools/linux64-nao-atom-cross-toolchain-1.14.5//sysroot/ -pipe -fomit-frame-pointer -fno-align-jumps -fno-align-functions -fno-align-labels -fno-align-loops -m32 -mtune=generic -DOE_CROSS_BUILD -DCHECK_FUNCTION_EXISTS=pthread_create   -o CMakeFiles/cmTryCompileExec2525664980.dir/CheckFunctionExists.c.o   -c /usr/share/cmake-2.8/Modules/CheckFunctionExists.c
Linking C executable cmTryCompileExec2525664980
/usr/bin/cmake -E cmake_link_script CMakeFiles/cmTryCompileExec2525664980.dir/link.txt --verbose=1
/home/mirko/nao/devtools/linux64-nao-atom-cross-toolchain-1.14.5/cross/bin/i686-aldebaran-linux-gnu-gcc   --sysroot /home/mirko/nao/devtools/linux64-nao-atom-cross-toolchain-1.14.5//sysroot/ -pipe -fomit-frame-pointer -fno-align-jumps -fno-align-functions -fno-align-labels -fno-align-loops -m32 -mtune=generic -DOE_CROSS_BUILD -DCHECK_FUNCTION_EXISTS=pthread_create  -Wl,--sysroot,/home/mirko/nao/devtools/linux64-nao-atom-cross-toolchain-1.14.5//sysroot/ CMakeFiles/cmTryCompileExec2525664980.dir/CheckFunctionExists.c.o  -o cmTryCompileExec2525664980 -rdynamic -lpthread 
make[1]: Leaving directory `/home/mirko/nao/workspace/TextRecognition/build-atom/CMakeFiles/CMakeTmp'


